<?xml version="1.0" encoding="UTF-8"?>
<testng-results skipped="0" failed="0" ignored="0" total="1" passed="1">
  <reporter-output>
  </reporter-output>
  <suite name="Suite" duration-ms="2231" started-at="2020-08-31T16:02:37 IST" finished-at="2020-08-31T16:02:39 IST">
    <groups>
    </groups>
    <test name="Test" duration-ms="2231" started-at="2020-08-31T16:02:37 IST" finished-at="2020-08-31T16:02:39 IST">
      <class name="DataDriven.DataDrivenExample">
        <test-method status="PASS" signature="deleteRequest(int)[pri:0, instance:DataDriven.DataDrivenExample@56aac163]" name="deleteRequest" duration-ms="2176" started-at="2020-08-31T16:02:37 IST" finished-at="2020-08-31T16:02:39 IST">
          <params>
            <param index="0">
              <value>
                <![CDATA[1]]>
              </value>
            </param>
          </params>
          <reporter-output>
          </reporter-output>
        </test-method> <!-- deleteRequest -->
      </class> <!-- DataDriven.DataDrivenExample -->
    </test> <!-- Test -->
  </suite> <!-- Suite -->
</testng-results>
